#
# There is insufficient memory for the Java Runtime Environment to continue.
# Native memory allocation (mmap) failed to map 67108864 bytes for G1 virtual space
# Possible reasons:
#   The system is out of physical RAM or swap space
#   The process is running with CompressedOops enabled, and the Java Heap may be blocking the growth of the native heap
# Possible solutions:
#   Reduce memory load on the system
#   Increase physical memory or swap space
#   Check if swap backing store is full
#   Decrease Java heap size (-Xmx/-Xms)
#   Decrease number of Java threads
#   Decrease Java thread stack sizes (-Xss)
#   Set larger code cache with -XX:ReservedCodeCacheSize=
#   JVM is running with Unscaled Compressed Oops mode in which the Java heap is
#     placed in the first 4GB address space. The Java Heap base address is the
#     maximum limit for the native heap growth. Please use -XX:HeapBaseMinAddress
#     to set the Java Heap base and to place the Java Heap above 4GB virtual address.
# This output file may be truncated or incomplete.
#
#  Out of Memory Error (os_windows.cpp:3753), pid=9688, tid=3028
#
# JRE version:  (17.0.4+7) (build )
# Java VM: OpenJDK 64-Bit Server VM (17.0.4+7-b469.53, mixed mode, sharing, tiered, compressed oops, compressed class ptrs, g1 gc, windows-amd64)
# No core dump will be written. Minidumps are not enabled by default on client versions of Windows
#

---------------  S U M M A R Y ------------

Command Line: git4idea.http.GitAskPassApp Username for 'https://github.com': 

Host: Intel(R) Celeron(R) CPU G1840 @ 2.80GHz, 2 cores, 3G,  Windows 10 , 64 bit Build 19041 (10.0.19041.1806)
Time: Mon Oct 31 12:19:05 2022  Windows 10 , 64 bit Build 19041 (10.0.19041.1806) elapsed time: 0.016831 seconds (0d 0h 0m 0s)

---------------  T H R E A D  ---------------

Current thread (0x0000024b619f9f50):  JavaThread "Unknown thread" [_thread_in_vm, id=3028, stack(0x00000081cc700000,0x00000081cc800000)]

Stack: [0x00000081cc700000,0x00000081cc800000]
Native frames: (J=compiled Java code, j=interpreted, Vv=VM code, C=native code)
V  [jvm.dll+0x68348a]
V  [jvm.dll+0x83faf4]
V  [jvm.dll+0x84129e]
V  [jvm.dll+0x841903]
V  [jvm.dll+0x2494a5]
V  [jvm.dll+0x680359]
V  [jvm.dll+0x67499a]
V  [jvm.dll+0x3092db]
V  [jvm.dll+0x310796]
V  [jvm.dll+0x36077e]
V  [jvm.dll+0x3609af]
V  [jvm.dll+0x2df3c8]
V  [jvm.dll+0x2e0334]
V  [jvm.dll+0x8112e1]
V  [jvm.dll+0x36e5d1]
V  [jvm.dll+0x7f06bc]
V  [jvm.dll+0x3f16ef]
V  [jvm.dll+0x3f3231]
C  [jli.dll+0x526b]
C  [ucrtbase.dll+0x21bb2]
C  [KERNEL32.DLL+0x17034]
C  [ntdll.dll+0x52651]


---------------  P R O C E S S  ---------------

Threads class SMR info:
_java_thread_list=0x00007ffcc4587f18, length=0, elements={
}

Java Threads: ( => current thread )

Other Threads:
  0x0000024b61a66b30 GCTaskThread "GC Thread#0" [stack: 0x00000081cc900000,0x00000081cca00000] [id=5332]
  0x0000024b61a70b80 ConcurrentGCThread "G1 Main Marker" [stack: 0x00000081cca00000,0x00000081ccb00000] [id=12284]
  0x0000024b61a71590 ConcurrentGCThread "G1 Conc#0" [stack: 0x0000000000000000,0x0000000000000000] [id=7132]

[error occurred during error reporting (printing all threads), id 0xc0000005, EXCEPTION_ACCESS_VIOLATION (0xc0000005) at pc=0x00007ffcc3d3ff87]

VM state: not at safepoint (not fully initialized)

VM Mutex/Monitor currently owned by a thread:  ([mutex/lock_event])
[0x0000024b61a2cc90] Heap_lock - owner thread: 0x0000024b619f9f50

Heap address: 0x00000000c1800000, size: 1000 MB, Compressed Oops mode: 32-bit

CDS archive(s) mapped at: [0x0000000000000000-0x0000000000000000-0x0000000000000000), size 0, SharedBaseAddress: 0x0000000800000000, ArchiveRelocationMode: 0.
Narrow klass base: 0x0000000000000000, Narrow klass shift: 0, Narrow klass range: 0x0

GC Precious Log:
<Empty>

Heap:
 garbage-first heap   total 0K, used 0K [0x00000000c1800000, 0x0000000100000000)
  region size 1024K, 0 young (0K), 0 survivors (0K)

[error occurred during error reporting (printing heap information), id 0xc0000005, EXCEPTION_ACCESS_VIOLATION (0xc0000005) at pc=0x00007ffcc412d119]

GC Heap History (0 events):
No events

Deoptimization events (0 events):
No events

Classes unloaded (0 events):
No events

Classes redefined (0 events):
No events

Internal exceptions (0 events):
No events

VM Operations (0 events):
No events

Events (1 events):
Event: 0.011 Loaded shared library D:\IntelliJ IDEA 2022.2.2\jbr\bin\java.dll


Dynamic libraries:
0x00007ff6a3280000 - 0x00007ff6a328a000 	D:\IntelliJ IDEA 2022.2.2\jbr\bin\java.exe
0x00007ffcf20f0000 - 0x00007ffcf22e8000 	C:\windows\SYSTEM32\ntdll.dll
0x00007ffcf1d70000 - 0x00007ffcf1e2d000 	C:\windows\System32\KERNEL32.DLL
0x00007ffcefac0000 - 0x00007ffcefd8e000 	C:\windows\System32\KERNELBASE.dll
0x00007ffcef9c0000 - 0x00007ffcefac0000 	C:\windows\System32\ucrtbase.dll
0x00007ffcccfb0000 - 0x00007ffcccfc7000 	D:\IntelliJ IDEA 2022.2.2\jbr\bin\jli.dll
0x00007ffcf1840000 - 0x00007ffcf19e0000 	C:\windows\System32\USER32.dll
0x00007ffcef990000 - 0x00007ffcef9b2000 	C:\windows\System32\win32u.dll
0x00007ffcf1270000 - 0x00007ffcf129a000 	C:\windows\System32\GDI32.dll
0x00007ffcefd90000 - 0x00007ffcefe9b000 	C:\windows\System32\gdi32full.dll
0x00007ffcefea0000 - 0x00007ffceff3d000 	C:\windows\System32\msvcp_win.dll
0x00007ffcccf90000 - 0x00007ffcccfab000 	D:\IntelliJ IDEA 2022.2.2\jbr\bin\VCRUNTIME140.dll
0x00007ffce39e0000 - 0x00007ffce3c7a000 	C:\windows\WinSxS\amd64_microsoft.windows.common-controls_6595b64144ccf1df_6.0.19041.1110_none_60b5254171f9507e\COMCTL32.dll
0x00007ffcf11d0000 - 0x00007ffcf126e000 	C:\windows\System32\msvcrt.dll
0x00007ffcf09f0000 - 0x00007ffcf0a20000 	C:\windows\System32\IMM32.DLL
0x00007ffce7620000 - 0x00007ffce762c000 	D:\IntelliJ IDEA 2022.2.2\jbr\bin\vcruntime140_1.dll
0x00007ffccc3e0000 - 0x00007ffccc46d000 	D:\IntelliJ IDEA 2022.2.2\jbr\bin\msvcp140.dll
0x00007ffcc3a50000 - 0x00007ffcc46b9000 	D:\IntelliJ IDEA 2022.2.2\jbr\bin\server\jvm.dll
0x00007ffcf19e0000 - 0x00007ffcf1a8e000 	C:\windows\System32\ADVAPI32.dll
0x00007ffcf1a90000 - 0x00007ffcf1b2c000 	C:\windows\System32\sechost.dll
0x00007ffcf0810000 - 0x00007ffcf0935000 	C:\windows\System32\RPCRT4.dll
0x00007ffcf0800000 - 0x00007ffcf0808000 	C:\windows\System32\PSAPI.DLL
0x00007ffcea050000 - 0x00007ffcea059000 	C:\windows\SYSTEM32\WSOCK32.dll
0x00007ffcf1b30000 - 0x00007ffcf1b9b000 	C:\windows\System32\WS2_32.dll
0x00007ffce0410000 - 0x00007ffce0437000 	C:\windows\SYSTEM32\WINMM.dll
0x00007ffce1cc0000 - 0x00007ffce1cca000 	C:\windows\SYSTEM32\VERSION.dll
0x00007ffced650000 - 0x00007ffced662000 	C:\windows\SYSTEM32\kernel.appcore.dll
0x00007ffce46a0000 - 0x00007ffce46aa000 	D:\IntelliJ IDEA 2022.2.2\jbr\bin\jimage.dll
0x00007ffce28a0000 - 0x00007ffce2a84000 	C:\windows\SYSTEM32\DBGHELP.DLL
0x00007ffce2830000 - 0x00007ffce285c000 	C:\windows\SYSTEM32\dbgcore.DLL
0x00007ffcef900000 - 0x00007ffcef982000 	C:\windows\System32\bcryptPrimitives.dll
0x00007ffcccf10000 - 0x00007ffcccf35000 	D:\IntelliJ IDEA 2022.2.2\jbr\bin\java.dll

dbghelp: loaded successfully - version: 4.0.5 - missing functions: none
symbol engine: initialized successfully - sym options: 0x614 - pdb path: .;D:\IntelliJ IDEA 2022.2.2\jbr\bin;C:\windows\SYSTEM32;C:\windows\WinSxS\amd64_microsoft.windows.common-controls_6595b64144ccf1df_6.0.19041.1110_none_60b5254171f9507e;D:\IntelliJ IDEA 2022.2.2\jbr\bin\server

VM Arguments:
java_command: git4idea.http.GitAskPassApp Username for 'https://github.com': 
java_class_path (initial): D:/IntelliJ IDEA 2022.2.2/plugins/git4idea/lib/git4idea-rt.jar;D:/IntelliJ IDEA 2022.2.2/lib/externalProcess-rt.jar;D:/IntelliJ IDEA 2022.2.2/lib/app.jar;D:/IntelliJ IDEA 2022.2.2/lib/3rd-party-rt.jar
Launcher Type: SUN_STANDARD

[Global flags]
     intx CICompilerCount                          = 2                                         {product} {ergonomic}
     uint ConcGCThreads                            = 1                                         {product} {ergonomic}
     uint G1ConcRefinementThreads                  = 2                                         {product} {ergonomic}
   size_t G1HeapRegionSize                         = 1048576                                   {product} {ergonomic}
    uintx GCDrainStackTargetSize                   = 64                                        {product} {ergonomic}
   size_t InitialHeapSize                          = 67108864                                  {product} {ergonomic}
   size_t MarkStackSize                            = 4194304                                   {product} {ergonomic}
   size_t MaxHeapSize                              = 1048576000                                {product} {ergonomic}
   size_t MinHeapDeltaBytes                        = 1048576                                   {product} {ergonomic}
   size_t MinHeapSize                              = 8388608                                   {product} {ergonomic}
    uintx NonNMethodCodeHeapSize                   = 5826188                                {pd product} {ergonomic}
    uintx NonProfiledCodeHeapSize                  = 122916026                              {pd product} {ergonomic}
    uintx ProfiledCodeHeapSize                     = 122916026                              {pd product} {ergonomic}
    uintx ReservedCodeCacheSize                    = 251658240                              {pd product} {ergonomic}
     bool SegmentedCodeCache                       = true                                      {product} {ergonomic}
   size_t SoftMaxHeapSize                          = 1048576000                             {manageable} {ergonomic}
     bool UseCompressedClassPointers               = true                           {product lp64_product} {ergonomic}
     bool UseCompressedOops                        = true                           {product lp64_product} {ergonomic}
     bool UseG1GC                                  = true                                      {product} {ergonomic}
     bool UseLargePagesIndividualAllocation        = false                                  {pd product} {ergonomic}

Logging:
Log output configuration:
 #0: stdout all=warning uptime,level,tags
 #1: stderr all=off uptime,level,tags

Environment Variables:
JAVA_HOME=C:\Program Files\Java\jdk1.8.0_291
CLASSPATH=.
PATH=C:/Program Files/Git/mingw64/libexec/git-core;C:/Program Files/Git/mingw64/libexec/git-core;C:\Program Files\Git\mingw64\bin;C:\Program Files\Git\usr\bin;C:\Users\Administrator\bin;C:\Program Files (x86)\Common Files\Oracle\Java\javapath;C:\windows\system32;C:\windows;C:\windows\System32\Wbem;C:\windows\System32\WindowsPowerShell\v1.0\;C:\windows\System32\OpenSSH\;C:\Program Files\Java\jdk1.8.0_291\bin;C:\Program Files\Git\cmd;C:\Program Files\nodejs\;C:\Users\Administrator\AppData\Local\Microsoft\WindowsApps;C:\Users\Administrator\AppData\Roaming\npm
USERNAME=Administrator
DISPLAY=:0.0
LC_ALL=en_US.UTF-8
TERM=xterm-256color
TMPDIR=C:\Users\ADMINI~1\AppData\Local\Temp
OS=Windows_NT
PROCESSOR_IDENTIFIER=Intel64 Family 6 Model 60 Stepping 3, GenuineIntel
TMP=C:\Users\ADMINI~1\AppData\Local\Temp
TEMP=C:\Users\ADMINI~1\AppData\Local\Temp



---------------  S Y S T E M  ---------------

OS:
 Windows 10 , 64 bit Build 19041 (10.0.19041.1806)
OS uptime: 17 days 5:02 hours

CPU: total 2 (initial active 2) (2 cores per cpu, 1 threads per core) family 6 model 60 stepping 3 microcode 0x27, cx8, cmov, fxsr, mmx, sse, sse2, sse3, ssse3, sse4.1, sse4.2, popcnt, lzcnt, tsc, tscinvbit, erms, clmul, clflush

Memory: 4k page, system-wide physical 3996M (315M free)
TotalPageFile size 10396M (AvailPageFile size 21M)
current process WorkingSet (physical memory assigned to process): 9M, peak: 9M
current process commit charge ("private bytes"): 47M, peak: 111M

vm_info: OpenJDK 64-Bit Server VM (17.0.4+7-b469.53) for windows-amd64 JRE (17.0.4+7-b469.53), built on 2022-08-29 by "builduser" with MS VC++ 16.10 / 16.11 (VS2019)

END.
